<?xml version="1.0" encoding="UTF-8"?>
<!-- Generated by org.testng.reporters.JUnitReportReporter -->
<testsuite name="Com.MBS.MBSAPI.Practice" tests="1" time="2.807" ignored="6" failures="0" timestamp="20 Nov 2018 11:08:37 GMT" skipped="0" hostname="DESKTOP-5U8DI0R" errors="0">
  <testcase name="Test6" time="2.807" classname="Com.MBS.MBSAPI.Practice"/>
  <testcase name="Test4" classname="Com.MBS.MBSAPI.Practice">
    <skipped/>
  </testcase> <!-- Test4 -->
  <testcase name="Test3" classname="Com.MBS.MBSAPI.Practice">
    <skipped/>
  </testcase> <!-- Test3 -->
  <testcase name="Test2" classname="Com.MBS.MBSAPI.Practice">
    <skipped/>
  </testcase> <!-- Test2 -->
  <testcase name="Test1" classname="Com.MBS.MBSAPI.Practice">
    <skipped/>
  </testcase> <!-- Test1 -->
  <testcase name="Test5" classname="Com.MBS.MBSAPI.Practice">
    <skipped/>
  </testcase> <!-- Test5 -->
  <testcase name="test" classname="Com.MBS.MBSAPI.Practice">
    <skipped/>
  </testcase> <!-- test -->
</testsuite> <!-- Com.MBS.MBSAPI.Practice -->
