<?xml version="1.0" encoding="UTF-8"?>
<!-- Generated by org.testng.reporters.JUnitReportReporter -->
<testsuite hostname="DESKTOP-9JNEA63" failures="0" tests="3" name="Com.RateMatch.RateMatchAPI.rateMatchAPI" time="3.296" errors="0" timestamp="06 Nov 2018 03:27:48 GMT" skipped="2">
  <testcase classname="Com.RateMatch.RateMatchAPI.rateMatchAPI" name="getbookingenginbodyverify" time="3.296"/>
  <testcase classname="Com.RateMatch.RateMatchAPI.rateMatchAPI" name="getbookingenginsupportbody">
    <skipped/>
  </testcase> <!-- getbookingenginsupportbody -->
  <testcase classname="Com.RateMatch.RateMatchAPI.rateMatchAPI" name="getbookingenginsupport">
    <skipped/>
  </testcase> <!-- getbookingenginsupport -->
</testsuite> <!-- Com.RateMatch.RateMatchAPI.rateMatchAPI -->
