<?xml version="1.0" encoding="UTF-8"?>
<!-- Generated by org.testng.reporters.JUnitReportReporter -->
<testsuite hostname="DESKTOP-9JNEA63" failures="0" tests="3" name="Com.RateMatch.RateMatchAPITests.rateMatchAPITests" time="1.348" errors="0" timestamp="13 Nov 2018 12:32:08 GMT" skipped="2">
  <testcase classname="Com.RateMatch.RateMatchAPITests.rateMatchAPITests" name="getbookingenginbodyverify" time="1.348"/>
  <testcase classname="Com.RateMatch.RateMatchAPITests.rateMatchAPITests" name="getbookingenginsupportbody">
    <skipped/>
  </testcase> <!-- getbookingenginsupportbody -->
  <testcase classname="Com.RateMatch.RateMatchAPITests.rateMatchAPITests" name="getbookingenginsupport">
    <skipped/>
  </testcase> <!-- getbookingenginsupport -->
</testsuite> <!-- Com.RateMatch.RateMatchAPITests.rateMatchAPITests -->
