<?xml version="1.0" encoding="UTF-8"?>
<!-- Generated by org.testng.reporters.JUnitReportReporter -->
<testsuite hostname="DESKTOP-9JNEA63" failures="0" tests="5" name="Com.RateMatch.RateMatchAPITests.RateMatchPortalAPITests" time="0.610" errors="0" timestamp="15 Nov 2018 13:36:32 GMT" skipped="4">
  <testcase classname="Com.RateMatch.RateMatchAPITests.RateMatchPortalAPITests" name="updateStyleConfig" time="0.610"/>
  <testcase classname="Com.RateMatch.RateMatchAPITests.RateMatchPortalAPITests" name="styleconfig">
    <skipped/>
  </testcase> <!-- styleconfig -->
  <testcase classname="Com.RateMatch.RateMatchAPITests.RateMatchPortalAPITests" name="signup">
    <skipped/>
  </testcase> <!-- signup -->
  <testcase classname="Com.RateMatch.RateMatchAPITests.RateMatchPortalAPITests" name="reservationReport">
    <skipped/>
  </testcase> <!-- reservationReport -->
  <testcase classname="Com.RateMatch.RateMatchAPITests.RateMatchPortalAPITests" name="getbookingenginbodyverify">
    <skipped/>
  </testcase> <!-- getbookingenginbodyverify -->
</testsuite> <!-- Com.RateMatch.RateMatchAPITests.RateMatchPortalAPITests -->
