<?xml version="1.0" encoding="UTF-8"?>
<!-- Generated by org.testng.reporters.JUnitReportReporter -->
<testsuite hostname="DESKTOP-9JNEA63" failures="0" tests="10" name="Com.RateMatch.RateMatchAPITests.RateMatchAdminAPITests" time="52.006" errors="0" timestamp="14 Nov 2018 07:30:07 GMT" skipped="0">
  <testcase classname="Com.RateMatch.RateMatchAPITests.RateMatchAdminAPITests" name="widgetScriptEmail" time="1.201"/>
  <testcase classname="Com.RateMatch.RateMatchAPITests.RateMatchAdminAPITests" name="allUsersList" time="2.561"/>
  <testcase classname="Com.RateMatch.RateMatchAPITests.RateMatchAdminAPITests" name="updateUserDetails" time="12.810"/>
  <testcase classname="Com.RateMatch.RateMatchAPITests.RateMatchAdminAPITests" name="allHotelGeoCondition" time="4.034"/>
  <testcase classname="Com.RateMatch.RateMatchAPITests.RateMatchAdminAPITests" name="updateHotel" time="1.312"/>
  <testcase classname="Com.RateMatch.RateMatchAPITests.RateMatchAdminAPITests" name="RevertingupdatedUserDetails" time="13.212"/>
  <testcase classname="Com.RateMatch.RateMatchAPITests.RateMatchAdminAPITests" name="deactivatehotel" time="7.955"/>
  <testcase classname="Com.RateMatch.RateMatchAPITests.RateMatchAdminAPITests" name="activatehotel" time="7.846"/>
  <testcase classname="Com.RateMatch.RateMatchAPITests.RateMatchAdminAPITests" name="allhotellist" time="0.582"/>
  <testcase classname="Com.RateMatch.RateMatchAPITests.RateMatchAdminAPITests" name="widgetScriptInvalidEmail" time="0.493"/>
</testsuite> <!-- Com.RateMatch.RateMatchAPITests.RateMatchAdminAPITests -->
